<?xml version="1.0" encoding="UTF-8"?>
<testng-results ignored="0" total="4" passed="4" failed="0" skipped="0">
  <reporter-output>
  </reporter-output>
  <suite started-at="2024-04-25T16:15:37 IST" name="Default suite" finished-at="2024-04-25T16:17:08 IST" duration-ms="90948">
    <groups>
      <group name="cucumber">
        <method signature="AbstractTestNGCucumberTests.runScenario(io.cucumber.testng.PickleWrapper,io.cucumber.testng.FeatureWrapper)[pri:0, instance:com.urbanladder.runner.UrbanTestRunner@7ef82753]" name="runScenario" class="io.cucumber.testng.AbstractTestNGCucumberTests"/>
      </group> <!-- cucumber -->
    </groups>
    <test started-at="2024-04-25T16:15:37 IST" name="Default test" finished-at="2024-04-25T16:17:08 IST" duration-ms="90948">
      <class name="com.urbanladder.runner.UrbanTestRunner">
        <test-method is-config="true" signature="setUpClass(org.testng.ITestContext)[pri:0, instance:com.urbanladder.runner.UrbanTestRunner@7ef82753]" started-at="2024-04-25T16:15:37 IST" name="setUpClass" finished-at="2024-04-25T16:15:40 IST" duration-ms="3090" status="PASS">
          <params>
            <param index="0">
              <value>
                <![CDATA[org.testng.TestRunner@43ab0659]]>
              </value>
            </param>
          </params>
          <reporter-output>
          </reporter-output>
        </test-method> <!-- setUpClass -->
        <test-method signature="runScenario(io.cucumber.testng.PickleWrapper,io.cucumber.testng.FeatureWrapper)[pri:0, instance:com.urbanladder.runner.UrbanTestRunner@7ef82753]" started-at="2024-04-25T16:15:40 IST" name="runScenario" description="Runs Cucumber Scenarios" data-provider="scenarios" finished-at="2024-04-25T16:15:48 IST" duration-ms="7685" status="PASS">
          <params>
            <param index="0">
              <value>
                <![CDATA["Search for bookshelve"]]>
              </value>
            </param>
            <param index="1">
              <value>
                <![CDATA["Home page scenarios"]]>
              </value>
            </param>
          </params>
          <reporter-output>
          </reporter-output>
        </test-method> <!-- runScenario -->
        <test-method signature="runScenario(io.cucumber.testng.PickleWrapper,io.cucumber.testng.FeatureWrapper)[pri:0, instance:com.urbanladder.runner.UrbanTestRunner@7ef82753]" started-at="2024-04-25T16:15:48 IST" name="runScenario" description="Runs Cucumber Scenarios" data-provider="scenarios" finished-at="2024-04-25T16:16:11 IST" duration-ms="23111" status="PASS">
          <params>
            <param index="0">
              <value>
                <![CDATA["Search BookShelves and Display the Results"]]>
              </value>
            </param>
            <param index="1">
              <value>
                <![CDATA["BookShelf Page Scenarios"]]>
              </value>
            </param>
          </params>
          <reporter-output>
          </reporter-output>
        </test-method> <!-- runScenario -->
        <test-method signature="runScenario(io.cucumber.testng.PickleWrapper,io.cucumber.testng.FeatureWrapper)[pri:0, instance:com.urbanladder.runner.UrbanTestRunner@7ef82753]" started-at="2024-04-25T16:16:11 IST" name="runScenario" description="Runs Cucumber Scenarios" data-provider="scenarios" finished-at="2024-04-25T16:16:25 IST" duration-ms="13361" status="PASS">
          <params>
            <param index="0">
              <value>
                <![CDATA["Enter Gift Card Details"]]>
              </value>
            </param>
            <param index="1">
              <value>
                <![CDATA["Gift-Card Page Scenarios"]]>
              </value>
            </param>
          </params>
          <reporter-output>
          </reporter-output>
        </test-method> <!-- runScenario -->
        <test-method signature="runScenario(io.cucumber.testng.PickleWrapper,io.cucumber.testng.FeatureWrapper)[pri:0, instance:com.urbanladder.runner.UrbanTestRunner@7ef82753]" started-at="2024-04-25T16:16:25 IST" name="runScenario" description="Runs Cucumber Scenarios" data-provider="scenarios" finished-at="2024-04-25T16:16:37 IST" duration-ms="12299" status="PASS">
          <params>
            <param index="0">
              <value>
                <![CDATA["Enter Gift Card Details"]]>
              </value>
            </param>
            <param index="1">
              <value>
                <![CDATA["Gift-Card Page Scenarios"]]>
              </value>
            </param>
          </params>
          <reporter-output>
          </reporter-output>
        </test-method> <!-- runScenario -->
        <test-method is-config="true" signature="tearDownClass()[pri:0, instance:com.urbanladder.runner.UrbanTestRunner@7ef82753]" started-at="2024-04-25T16:16:37 IST" name="tearDownClass" finished-at="2024-04-25T16:17:08 IST" duration-ms="31370" status="PASS">
          <reporter-output>
          </reporter-output>
        </test-method> <!-- tearDownClass -->
      </class> <!-- com.urbanladder.runner.UrbanTestRunner -->
    </test> <!-- Default test -->
  </suite> <!-- Default suite -->
</testng-results>
